# JRE version: Java(TM) SE Runtime Environment (8.0_05-b13) (build 1.8.0_05-b13)
# Java VM: Java HotSpot(TM) 64-Bit Server VM (25.5-b02 mixed mode windows-amd64 compressed oops)
Heap:
 PSYoungGen      total 37888K, used 6150K [0x00000000eab00000, 0x00000000ed600000, 0x0000000100000000)
  eden space 34816K, 17% used [0x00000000eab00000,0x00000000eb0f18a0,0x00000000ecd00000)
  from space 3072K, 2% used [0x00000000ed100000,0x00000000ed110000,0x00000000ed400000)
  to   space 4096K, 0% used [0x00000000ecd00000,0x00000000ecd00000,0x00000000ed100000)
 ParOldGen       total 129536K, used 30667K [0x00000000c0000000, 0x00000000c7e80000, 0x00000000eab00000)
  object space 129536K, 23% used [0x00000000c0000000,0x00000000c1df2e98,0x00000000c7e80000)
 Metaspace       used 4317K, capacity 5360K, committed 5632K, reserved 1056768K
  class space    used 462K, capacity 488K, committed 512K, reserved 1048576K
GC Heap History (10 events):
Event: 0.728 GC heap before
{Heap before GC invocations=15 (full 0):
 PSYoungGen      total 18432K, used 17560K [0x00000000eab00000, 0x00000000ec080000, 0x0000000100000000)
  eden space 15872K, 100% used [0x00000000eab00000,0x00000000eba80000,0x00000000eba80000)
  from space 2560K, 65% used [0x00000000ebe00000,0x00000000ebfa60a8,0x00000000ec080000)
  to   space 3072K, 0% used [0x00000000eba80000,0x00000000eba80000,0x00000000ebd80000)
 ParOldGen       total 129536K, used 24998K [0x00000000c0000000, 0x00000000c7e80000, 0x00000000eab00000)
  object space 129536K, 19% used [0x00000000c0000000,0x00000000c1869b48,0x00000000c7e80000)
 Metaspace       used 3796K, capacity 4944K, committed 5120K, reserved 1056768K
  class space    used 408K, capacity 456K, committed 512K, reserved 1048576K
Event: 0.732 GC heap after
Heap after GC invocations=15 (full 0):
 PSYoungGen      total 18944K, used 32K [0x00000000eab00000, 0x00000000ecb00000, 0x0000000100000000)
  eden space 15872K, 0% used [0x00000000eab00000,0x00000000eab00000,0x00000000eba80000)
  from space 3072K, 1% used [0x00000000eba80000,0x00000000eba88000,0x00000000ebd80000)
  to   space 3584K, 0% used [0x00000000ec780000,0x00000000ec780000,0x00000000ecb00000)
 ParOldGen       total 129536K, used 26087K [0x00000000c0000000, 0x00000000c7e80000, 0x00000000eab00000)
  object space 129536K, 20% used [0x00000000c0000000,0x00000000c1979c18,0x00000000c7e80000)
 Metaspace       used 3796K, capacity 4944K, committed 5120K, reserved 1056768K
  class space    used 408K, capacity 456K, committed 512K, reserved 1048576K
}
Event: 1.015 GC heap before
{Heap before GC invocations=16 (full 0):
 PSYoungGen      total 18944K, used 15904K [0x00000000eab00000, 0x00000000ecb00000, 0x0000000100000000)
  eden space 15872K, 100% used [0x00000000eab00000,0x00000000eba80000,0x00000000eba80000)
  from space 3072K, 1% used [0x00000000eba80000,0x00000000eba88000,0x00000000ebd80000)
  to   space 3584K, 0% used [0x00000000ec780000,0x00000000ec780000,0x00000000ecb00000)
 ParOldGen       total 129536K, used 26087K [0x00000000c0000000, 0x00000000c7e80000, 0x00000000eab00000)
  object space 129536K, 20% used [0x00000000c0000000,0x00000000c1979c18,0x00000000c7e80000)
 Metaspace       used 3863K, capacity 5008K, committed 5120K, reserved 1056768K
  class space    used 413K, capacity 456K, committed 512K, reserved 1048576K
Event: 1.019 GC heap after
Heap after GC invocations=16 (full 0):
 PSYoungGen      total 28160K, used 960K [0x00000000eab00000, 0x00000000eca00000, 0x0000000100000000)
  eden space 25600K, 0% used [0x00000000eab00000,0x00000000eab00000,0x00000000ec400000)
  from space 2560K, 37% used [0x00000000ec780000,0x00000000ec870000,0x00000000eca00000)
  to   space 3072K, 0% used [0x00000000ec400000,0x00000000ec400000,0x00000000ec700000)
 ParOldGen       total 129536K, used 26111K [0x00000000c0000000, 0x00000000c7e80000, 0x00000000eab00000)
  object space 129536K, 20% used [0x00000000c0000000,0x00000000c197fc18,0x00000000c7e80000)
 Metaspace       used 3863K, capacity 5008K, committed 5120K, reserved 1056768K
  class space    used 413K, capacity 456K, committed 512K, reserved 1048576K
}
Event: 1.174 GC heap before
{Heap before GC invocations=17 (full 0):
 PSYoungGen      total 28160K, used 26560K [0x00000000eab00000, 0x00000000eca00000, 0x0000000100000000)
  eden space 25600K, 100% used [0x00000000eab00000,0x00000000ec400000,0x00000000ec400000)
  from space 2560K, 37% used [0x00000000ec780000,0x00000000ec870000,0x00000000eca00000)
  to   space 3072K, 0% used [0x00000000ec400000,0x00000000ec400000,0x00000000ec700000)
 ParOldGen       total 129536K, used 26111K [0x00000000c0000000, 0x00000000c7e80000, 0x00000000eab00000)
  object space 129536K, 20% used [0x00000000c0000000,0x00000000c197fc18,0x00000000c7e80000)
 Metaspace       used 3944K, capacity 5072K, committed 5376K, reserved 1056768K
  class space    used 419K, capacity 456K, committed 512K, reserved 1048576K
Event: 1.179 GC heap after
Heap after GC invocations=17 (full 0):
 PSYoungGen      total 28672K, used 1518K [0x00000000eab00000, 0x00000000ed400000, 0x0000000100000000)
  eden space 25600K, 0% used [0x00000000eab00000,0x00000000eab00000,0x00000000ec400000)
  from space 3072K, 49% used [0x00000000ec400000,0x00000000ec57ba00,0x00000000ec700000)
  to   space 3072K, 0% used [0x00000000ed100000,0x00000000ed100000,0x00000000ed400000)
 ParOldGen       total 129536K, used 27035K [0x00000000c0000000, 0x00000000c7e80000, 0x00000000eab00000)
  object space 129536K, 20% used [0x00000000c0000000,0x00000000c1a66c88,0x00000000c7e80000)
 Metaspace       used 3944K, capacity 5072K, committed 5376K, reserved 1056768K
  class space    used 419K, capacity 456K, committed 512K, reserved 1048576K
}
Event: 1.527 GC heap before
{Heap before GC invocations=18 (full 0):
 PSYoungGen      total 28672K, used 27118K [0x00000000eab00000, 0x00000000ed400000, 0x0000000100000000)
  eden space 25600K, 100% used [0x00000000eab00000,0x00000000ec400000,0x00000000ec400000)
  from space 3072K, 49% used [0x00000000ec400000,0x00000000ec57ba00,0x00000000ec700000)
  to   space 3072K, 0% used [0x00000000ed100000,0x00000000ed100000,0x00000000ed400000)
 ParOldGen       total 129536K, used 27035K [0x00000000c0000000, 0x00000000c7e80000, 0x00000000eab00000)
  object space 129536K, 20% used [0x00000000c0000000,0x00000000c1a66c88,0x00000000c7e80000)
 Metaspace       used 4304K, capacity 5360K, committed 5632K, reserved 1056768K
  class space    used 462K, capacity 488K, committed 512K, reserved 1048576K
Event: 1.535 GC heap after
Heap after GC invocations=18 (full 0):
 PSYoungGen      total 37888K, used 3042K [0x00000000eab00000, 0x00000000ed600000, 0x0000000100000000)
  eden space 34816K, 0% used [0x00000000eab00000,0x00000000eab00000,0x00000000ecd00000)
  from space 3072K, 99% used [0x00000000ed100000,0x00000000ed3f8a98,0x00000000ed400000)
  to   space 4096K, 0% used [0x00000000ecd00000,0x00000000ecd00000,0x00000000ed100000)
 ParOldGen       total 129536K, used 27604K [0x00000000c0000000, 0x00000000c7e80000, 0x00000000eab00000)
  object space 129536K, 21% used [0x00000000c0000000,0x00000000c1af5340,0x00000000c7e80000)
 Metaspace       used 4304K, capacity 5360K, committed 5632K, reserved 1056768K
  class space    used 462K, capacity 488K, committed 512K, reserved 1048576K
}
Event: 1.729 GC heap before
{Heap before GC invocations=19 (full 0):
 PSYoungGen      total 37888K, used 37858K [0x00000000eab00000, 0x00000000ed600000, 0x0000000100000000)
  eden space 34816K, 100% used [0x00000000eab00000,0x00000000ecd00000,0x00000000ecd00000)
  from space 3072K, 99% used [0x00000000ed100000,0x00000000ed3f8a98,0x00000000ed400000)
  to   space 4096K, 0% used [0x00000000ecd00000,0x00000000ecd00000,0x00000000ed100000)
 ParOldGen       total 129536K, used 27604K [0x00000000c0000000, 0x00000000c7e80000, 0x00000000eab00000)
  object space 129536K, 21% used [0x00000000c0000000,0x00000000c1af5340,0x00000000c7e80000)
 Metaspace       used 4316K, capacity 5360K, committed 5632K, reserved 1056768K
  class space    used 462K, capacity 488K, committed 512K, reserved 1048576K
Event: 1.737 GC heap after
Heap after GC invocations=19 (full 0):
 PSYoungGen      total 38912K, used 64K [0x00000000eab00000, 0x00000000ed600000, 0x0000000100000000)
  eden space 34816K, 0% used [0x00000000eab00000,0x00000000eab00000,0x00000000ecd00000)
  from space 4096K, 1% used [0x00000000ecd00000,0x00000000ecd10000,0x00000000ed100000)
  to   space 3072K, 0% used [0x00000000ed100000,0x00000000ed100000,0x00000000ed400000)
 ParOldGen       total 129536K, used 30651K [0x00000000c0000000, 0x00000000c7e80000, 0x00000000eab00000)
  object space 129536K, 23% used [0x00000000c0000000,0x00000000c1deee98,0x00000000c7e80000)
 Metaspace       used 4316K, capacity 5360K, committed 5632K, reserved 1056768K
  class space    used 462K, capacity 488K, committed 512K, reserved 1048576K
}

